<?xml version="1.0" encoding="UTF-8"?>
<!-- Generated by org.testng.reporters.JUnitReportReporter -->
<testsuite hostname="LAPTOP-AG5E0IRO" failures="0" tests="1" name="test.jsonschemavalidation" time="2.537" errors="0" timestamp="2021-08-15T19:08:37 IST" skipped="0">
  <testcase classname="test.jsonschemavalidation" name="get" time="2.537"/>
  <system-out/>
</testsuite> <!-- test.jsonschemavalidation -->
