<?xml version="1.0" encoding="UTF-8"?>
<!-- Generated by org.testng.reporters.JUnitReportReporter -->
<testsuite hostname="LAPTOP-AG5E0IRO" failures="0" tests="2" name="test.TestOnLocalAPI" time="1.590" errors="0" timestamp="2021-08-15T02:17:45 IST" skipped="0">
  <testcase classname="test.TestOnLocalAPI" name="get" time="0.104"/>
  <system-out/>
  <testcase classname="test.TestOnLocalAPI" name="delete" time="1.486"/>
  <system-out/>
</testsuite> <!-- test.TestOnLocalAPI -->
